<?xml version="1.0" encoding="UTF-8"?>
<testng-results skipped="0" failed="0" ignored="0" total="1" passed="1">
  <reporter-output>
  </reporter-output>
  <suite name="Default suite" duration-ms="22121" started-at="2018-05-02T12:06:03Z" finished-at="2018-05-02T12:06:25Z">
    <groups>
    </groups>
    <test name="Default test" duration-ms="22121" started-at="2018-05-02T12:06:03Z" finished-at="2018-05-02T12:06:25Z">
      <class name="com.drive.qa.testcases.AddLivingCostTest">
        <test-method status="PASS" signature="setUp()[pri:0, instance:com.drive.qa.testcases.AddLivingCostTest@6f7fd0e6]" name="setUp" is-config="true" duration-ms="21585" started-at="2018-05-02T17:36:03Z" finished-at="2018-05-02T17:36:24Z">
          <reporter-output>
          </reporter-output>
        </test-method> <!-- setUp -->
        <test-method status="PASS" signature="addLivingCostTest()[pri:1, instance:com.drive.qa.testcases.AddLivingCostTest@6f7fd0e6]" name="addLivingCostTest" duration-ms="409" started-at="2018-05-02T17:36:24Z" finished-at="2018-05-02T17:36:25Z">
          <reporter-output>
          </reporter-output>
        </test-method> <!-- addLivingCostTest -->
        <test-method status="PASS" signature="tearDown()[pri:0, instance:com.drive.qa.testcases.AddLivingCostTest@6f7fd0e6]" name="tearDown" is-config="true" duration-ms="109" started-at="2018-05-02T17:36:25Z" finished-at="2018-05-02T17:36:25Z">
          <reporter-output>
          </reporter-output>
        </test-method> <!-- tearDown -->
      </class> <!-- com.drive.qa.testcases.AddLivingCostTest -->
    </test> <!-- Default test -->
  </suite> <!-- Default suite -->
</testng-results>
